<?xml version="1.0" encoding="UTF-8"?>
<testsuite xmlns:xsi="http://www.w3.org/2001/XMLSchema-instance" xsi:noNamespaceSchemaLocation="https://maven.apache.org/surefire/maven-surefire-plugin/xsd/surefire-test-report.xsd" name="ninja.spring.springscheduled.SpringScheduledApplicationTests" time="1.764" tests="1" errors="0" skipped="0" failures="0">
  <properties>
    <property name="awt.toolkit" value="sun.lwawt.macosx.LWCToolkit"/>
    <property name="file.encoding.pkg" value="sun.io"/>
    <property name="java.specification.version" value="1.8"/>
    <property name="jdk.extensions.version" value="8.0.242.0"/>
    <property name="sun.jnu.encoding" value="UTF-8"/>
    <property name="java.class.path" value="/Users/sadubois/workspace/pcf-workshop/pcf-scheduler-demo/spring-scheduled/target/test-classes:/Users/sadubois/workspace/pcf-workshop/pcf-scheduler-demo/spring-scheduled/target/classes:/Users/sadubois/.m2/repository/org/springframework/boot/spring-boot-starter-web/2.0.0.RC2/spring-boot-starter-web-2.0.0.RC2.jar:/Users/sadubois/.m2/repository/org/springframework/boot/spring-boot-starter/2.0.0.RC2/spring-boot-starter-2.0.0.RC2.jar:/Users/sadubois/.m2/repository/org/springframework/boot/spring-boot/2.0.0.RC2/spring-boot-2.0.0.RC2.jar:/Users/sadubois/.m2/repository/org/springframework/boot/spring-boot-autoconfigure/2.0.0.RC2/spring-boot-autoconfigure-2.0.0.RC2.jar:/Users/sadubois/.m2/repository/org/springframework/boot/spring-boot-starter-logging/2.0.0.RC2/spring-boot-starter-logging-2.0.0.RC2.jar:/Users/sadubois/.m2/repository/ch/qos/logback/logback-classic/1.2.3/logback-classic-1.2.3.jar:/Users/sadubois/.m2/repository/ch/qos/logback/logback-core/1.2.3/logback-core-1.2.3.jar:/Users/sadubois/.m2/repository/org/apache/logging/log4j/log4j-to-slf4j/2.10.0/log4j-to-slf4j-2.10.0.jar:/Users/sadubois/.m2/repository/org/apache/logging/log4j/log4j-api/2.10.0/log4j-api-2.10.0.jar:/Users/sadubois/.m2/repository/org/slf4j/jul-to-slf4j/1.7.25/jul-to-slf4j-1.7.25.jar:/Users/sadubois/.m2/repository/javax/annotation/javax.annotation-api/1.3.1/javax.annotation-api-1.3.1.jar:/Users/sadubois/.m2/repository/org/yaml/snakeyaml/1.19/snakeyaml-1.19.jar:/Users/sadubois/.m2/repository/org/springframework/boot/spring-boot-starter-json/2.0.0.RC2/spring-boot-starter-json-2.0.0.RC2.jar:/Users/sadubois/.m2/repository/com/fasterxml/jackson/core/jackson-databind/2.9.4/jackson-databind-2.9.4.jar:/Users/sadubois/.m2/repository/com/fasterxml/jackson/core/jackson-annotations/2.9.0/jackson-annotations-2.9.0.jar:/Users/sadubois/.m2/repository/com/fasterxml/jackson/core/jackson-core/2.9.4/jackson-core-2.9.4.jar:/Users/sadubois/.m2/repository/com/fasterxml/jackson/datatype/jackson-datatype-jdk8/2.9.4/jackson-datatype-jdk8-2.9.4.jar:/Users/sadubois/.m2/repository/com/fasterxml/jackson/datatype/jackson-datatype-jsr310/2.9.4/jackson-datatype-jsr310-2.9.4.jar:/Users/sadubois/.m2/repository/com/fasterxml/jackson/module/jackson-module-parameter-names/2.9.4/jackson-module-parameter-names-2.9.4.jar:/Users/sadubois/.m2/repository/org/springframework/boot/spring-boot-starter-tomcat/2.0.0.RC2/spring-boot-starter-tomcat-2.0.0.RC2.jar:/Users/sadubois/.m2/repository/org/apache/tomcat/embed/tomcat-embed-core/8.5.28/tomcat-embed-core-8.5.28.jar:/Users/sadubois/.m2/repository/org/apache/tomcat/embed/tomcat-embed-el/8.5.28/tomcat-embed-el-8.5.28.jar:/Users/sadubois/.m2/repository/org/apache/tomcat/embed/tomcat-embed-websocket/8.5.28/tomcat-embed-websocket-8.5.28.jar:/Users/sadubois/.m2/repository/org/hibernate/validator/hibernate-validator/6.0.7.Final/hibernate-validator-6.0.7.Final.jar:/Users/sadubois/.m2/repository/javax/validation/validation-api/2.0.1.Final/validation-api-2.0.1.Final.jar:/Users/sadubois/.m2/repository/org/jboss/logging/jboss-logging/3.3.2.Final/jboss-logging-3.3.2.Final.jar:/Users/sadubois/.m2/repository/com/fasterxml/classmate/1.3.4/classmate-1.3.4.jar:/Users/sadubois/.m2/repository/org/springframework/spring-web/5.0.4.RELEASE/spring-web-5.0.4.RELEASE.jar:/Users/sadubois/.m2/repository/org/springframework/spring-beans/5.0.4.RELEASE/spring-beans-5.0.4.RELEASE.jar:/Users/sadubois/.m2/repository/org/springframework/spring-webmvc/5.0.4.RELEASE/spring-webmvc-5.0.4.RELEASE.jar:/Users/sadubois/.m2/repository/org/springframework/spring-aop/5.0.4.RELEASE/spring-aop-5.0.4.RELEASE.jar:/Users/sadubois/.m2/repository/org/springframework/spring-context/5.0.4.RELEASE/spring-context-5.0.4.RELEASE.jar:/Users/sadubois/.m2/repository/org/springframework/spring-expression/5.0.4.RELEASE/spring-expression-5.0.4.RELEASE.jar:/Users/sadubois/.m2/repository/org/springframework/boot/spring-boot-starter-test/2.0.0.RC2/spring-boot-starter-test-2.0.0.RC2.jar:/Users/sadubois/.m2/repository/org/springframework/boot/spring-boot-test/2.0.0.RC2/spring-boot-test-2.0.0.RC2.jar:/Users/sadubois/.m2/repository/org/springframework/boot/spring-boot-test-autoconfigure/2.0.0.RC2/spring-boot-test-autoconfigure-2.0.0.RC2.jar:/Users/sadubois/.m2/repository/com/jayway/jsonpath/json-path/2.4.0/json-path-2.4.0.jar:/Users/sadubois/.m2/repository/net/minidev/json-smart/2.3/json-smart-2.3.jar:/Users/sadubois/.m2/repository/net/minidev/accessors-smart/1.2/accessors-smart-1.2.jar:/Users/sadubois/.m2/repository/org/ow2/asm/asm/5.0.4/asm-5.0.4.jar:/Users/sadubois/.m2/repository/org/slf4j/slf4j-api/1.7.25/slf4j-api-1.7.25.jar:/Users/sadubois/.m2/repository/junit/junit/4.12/junit-4.12.jar:/Users/sadubois/.m2/repository/org/assertj/assertj-core/3.9.0/assertj-core-3.9.0.jar:/Users/sadubois/.m2/repository/org/mockito/mockito-core/2.15.0/mockito-core-2.15.0.jar:/Users/sadubois/.m2/repository/net/bytebuddy/byte-buddy/1.7.10/byte-buddy-1.7.10.jar:/Users/sadubois/.m2/repository/net/bytebuddy/byte-buddy-agent/1.7.10/byte-buddy-agent-1.7.10.jar:/Users/sadubois/.m2/repository/org/objenesis/objenesis/2.6/objenesis-2.6.jar:/Users/sadubois/.m2/repository/org/hamcrest/hamcrest-core/1.3/hamcrest-core-1.3.jar:/Users/sadubois/.m2/repository/org/hamcrest/hamcrest-library/1.3/hamcrest-library-1.3.jar:/Users/sadubois/.m2/repository/org/skyscreamer/jsonassert/1.5.0/jsonassert-1.5.0.jar:/Users/sadubois/.m2/repository/com/vaadin/external/google/android-json/0.0.20131108.vaadin1/android-json-0.0.20131108.vaadin1.jar:/Users/sadubois/.m2/repository/org/springframework/spring-core/5.0.4.RELEASE/spring-core-5.0.4.RELEASE.jar:/Users/sadubois/.m2/repository/org/springframework/spring-jcl/5.0.4.RELEASE/spring-jcl-5.0.4.RELEASE.jar:/Users/sadubois/.m2/repository/org/springframework/spring-test/5.0.4.RELEASE/spring-test-5.0.4.RELEASE.jar:/Users/sadubois/.m2/repository/org/xmlunit/xmlunit-core/2.5.1/xmlunit-core-2.5.1.jar:"/>
    <property name="com.ibm.zero.version" value="2"/>
    <property name="java.vm.vendor" value="Eclipse OpenJ9"/>
    <property name="com.ibm.vm.bitmode" value="64"/>
    <property name="sun.arch.data.model" value="64"/>
    <property name="user.variant" value=""/>
    <property name="com.ibm.oti.vm.library.version" value="29"/>
    <property name="java.vendor.url" value="http://www.eclipse.org/openj9"/>
    <property name="user.timezone" value=""/>
    <property name="os.name" value="Mac OS X"/>
    <property name="java.vm.specification.version" value="1.8"/>
    <property name="user.country" value="US"/>
    <property name="sun.java.launcher" value="SUN_STANDARD"/>
    <property name="sun.boot.library.path" value="/Users/sadubois/.sdkman/candidates/java/8.0.242.j9-adpt/jre/lib/compressedrefs:/Users/sadubois/.sdkman/candidates/java/8.0.242.j9-adpt/jre/lib"/>
    <property name="sun.java.command" value="/Users/sadubois/workspace/pcf-workshop/pcf-scheduler-demo/spring-scheduled/target/surefire/surefirebooter5694861365960305842.jar /Users/sadubois/workspace/pcf-workshop/pcf-scheduler-demo/spring-scheduled/target/surefire 2020-08-10T23-51-32_274-jvmRun1 surefire8080438654953104850tmp surefire_1835713221492618712tmp"/>
    <property name="surefire.test.class.path" value="/Users/sadubois/workspace/pcf-workshop/pcf-scheduler-demo/spring-scheduled/target/test-classes:/Users/sadubois/workspace/pcf-workshop/pcf-scheduler-demo/spring-scheduled/target/classes:/Users/sadubois/.m2/repository/org/springframework/boot/spring-boot-starter-web/2.0.0.RC2/spring-boot-starter-web-2.0.0.RC2.jar:/Users/sadubois/.m2/repository/org/springframework/boot/spring-boot-starter/2.0.0.RC2/spring-boot-starter-2.0.0.RC2.jar:/Users/sadubois/.m2/repository/org/springframework/boot/spring-boot/2.0.0.RC2/spring-boot-2.0.0.RC2.jar:/Users/sadubois/.m2/repository/org/springframework/boot/spring-boot-autoconfigure/2.0.0.RC2/spring-boot-autoconfigure-2.0.0.RC2.jar:/Users/sadubois/.m2/repository/org/springframework/boot/spring-boot-starter-logging/2.0.0.RC2/spring-boot-starter-logging-2.0.0.RC2.jar:/Users/sadubois/.m2/repository/ch/qos/logback/logback-classic/1.2.3/logback-classic-1.2.3.jar:/Users/sadubois/.m2/repository/ch/qos/logback/logback-core/1.2.3/logback-core-1.2.3.jar:/Users/sadubois/.m2/repository/org/apache/logging/log4j/log4j-to-slf4j/2.10.0/log4j-to-slf4j-2.10.0.jar:/Users/sadubois/.m2/repository/org/apache/logging/log4j/log4j-api/2.10.0/log4j-api-2.10.0.jar:/Users/sadubois/.m2/repository/org/slf4j/jul-to-slf4j/1.7.25/jul-to-slf4j-1.7.25.jar:/Users/sadubois/.m2/repository/javax/annotation/javax.annotation-api/1.3.1/javax.annotation-api-1.3.1.jar:/Users/sadubois/.m2/repository/org/yaml/snakeyaml/1.19/snakeyaml-1.19.jar:/Users/sadubois/.m2/repository/org/springframework/boot/spring-boot-starter-json/2.0.0.RC2/spring-boot-starter-json-2.0.0.RC2.jar:/Users/sadubois/.m2/repository/com/fasterxml/jackson/core/jackson-databind/2.9.4/jackson-databind-2.9.4.jar:/Users/sadubois/.m2/repository/com/fasterxml/jackson/core/jackson-annotations/2.9.0/jackson-annotations-2.9.0.jar:/Users/sadubois/.m2/repository/com/fasterxml/jackson/core/jackson-core/2.9.4/jackson-core-2.9.4.jar:/Users/sadubois/.m2/repository/com/fasterxml/jackson/datatype/jackson-datatype-jdk8/2.9.4/jackson-datatype-jdk8-2.9.4.jar:/Users/sadubois/.m2/repository/com/fasterxml/jackson/datatype/jackson-datatype-jsr310/2.9.4/jackson-datatype-jsr310-2.9.4.jar:/Users/sadubois/.m2/repository/com/fasterxml/jackson/module/jackson-module-parameter-names/2.9.4/jackson-module-parameter-names-2.9.4.jar:/Users/sadubois/.m2/repository/org/springframework/boot/spring-boot-starter-tomcat/2.0.0.RC2/spring-boot-starter-tomcat-2.0.0.RC2.jar:/Users/sadubois/.m2/repository/org/apache/tomcat/embed/tomcat-embed-core/8.5.28/tomcat-embed-core-8.5.28.jar:/Users/sadubois/.m2/repository/org/apache/tomcat/embed/tomcat-embed-el/8.5.28/tomcat-embed-el-8.5.28.jar:/Users/sadubois/.m2/repository/org/apache/tomcat/embed/tomcat-embed-websocket/8.5.28/tomcat-embed-websocket-8.5.28.jar:/Users/sadubois/.m2/repository/org/hibernate/validator/hibernate-validator/6.0.7.Final/hibernate-validator-6.0.7.Final.jar:/Users/sadubois/.m2/repository/javax/validation/validation-api/2.0.1.Final/validation-api-2.0.1.Final.jar:/Users/sadubois/.m2/repository/org/jboss/logging/jboss-logging/3.3.2.Final/jboss-logging-3.3.2.Final.jar:/Users/sadubois/.m2/repository/com/fasterxml/classmate/1.3.4/classmate-1.3.4.jar:/Users/sadubois/.m2/repository/org/springframework/spring-web/5.0.4.RELEASE/spring-web-5.0.4.RELEASE.jar:/Users/sadubois/.m2/repository/org/springframework/spring-beans/5.0.4.RELEASE/spring-beans-5.0.4.RELEASE.jar:/Users/sadubois/.m2/repository/org/springframework/spring-webmvc/5.0.4.RELEASE/spring-webmvc-5.0.4.RELEASE.jar:/Users/sadubois/.m2/repository/org/springframework/spring-aop/5.0.4.RELEASE/spring-aop-5.0.4.RELEASE.jar:/Users/sadubois/.m2/repository/org/springframework/spring-context/5.0.4.RELEASE/spring-context-5.0.4.RELEASE.jar:/Users/sadubois/.m2/repository/org/springframework/spring-expression/5.0.4.RELEASE/spring-expression-5.0.4.RELEASE.jar:/Users/sadubois/.m2/repository/org/springframework/boot/spring-boot-starter-test/2.0.0.RC2/spring-boot-starter-test-2.0.0.RC2.jar:/Users/sadubois/.m2/repository/org/springframework/boot/spring-boot-test/2.0.0.RC2/spring-boot-test-2.0.0.RC2.jar:/Users/sadubois/.m2/repository/org/springframework/boot/spring-boot-test-autoconfigure/2.0.0.RC2/spring-boot-test-autoconfigure-2.0.0.RC2.jar:/Users/sadubois/.m2/repository/com/jayway/jsonpath/json-path/2.4.0/json-path-2.4.0.jar:/Users/sadubois/.m2/repository/net/minidev/json-smart/2.3/json-smart-2.3.jar:/Users/sadubois/.m2/repository/net/minidev/accessors-smart/1.2/accessors-smart-1.2.jar:/Users/sadubois/.m2/repository/org/ow2/asm/asm/5.0.4/asm-5.0.4.jar:/Users/sadubois/.m2/repository/org/slf4j/slf4j-api/1.7.25/slf4j-api-1.7.25.jar:/Users/sadubois/.m2/repository/junit/junit/4.12/junit-4.12.jar:/Users/sadubois/.m2/repository/org/assertj/assertj-core/3.9.0/assertj-core-3.9.0.jar:/Users/sadubois/.m2/repository/org/mockito/mockito-core/2.15.0/mockito-core-2.15.0.jar:/Users/sadubois/.m2/repository/net/bytebuddy/byte-buddy/1.7.10/byte-buddy-1.7.10.jar:/Users/sadubois/.m2/repository/net/bytebuddy/byte-buddy-agent/1.7.10/byte-buddy-agent-1.7.10.jar:/Users/sadubois/.m2/repository/org/objenesis/objenesis/2.6/objenesis-2.6.jar:/Users/sadubois/.m2/repository/org/hamcrest/hamcrest-core/1.3/hamcrest-core-1.3.jar:/Users/sadubois/.m2/repository/org/hamcrest/hamcrest-library/1.3/hamcrest-library-1.3.jar:/Users/sadubois/.m2/repository/org/skyscreamer/jsonassert/1.5.0/jsonassert-1.5.0.jar:/Users/sadubois/.m2/repository/com/vaadin/external/google/android-json/0.0.20131108.vaadin1/android-json-0.0.20131108.vaadin1.jar:/Users/sadubois/.m2/repository/org/springframework/spring-core/5.0.4.RELEASE/spring-core-5.0.4.RELEASE.jar:/Users/sadubois/.m2/repository/org/springframework/spring-jcl/5.0.4.RELEASE/spring-jcl-5.0.4.RELEASE.jar:/Users/sadubois/.m2/repository/org/springframework/spring-test/5.0.4.RELEASE/spring-test-5.0.4.RELEASE.jar:/Users/sadubois/.m2/repository/org/xmlunit/xmlunit-core/2.5.1/xmlunit-core-2.5.1.jar:"/>
    <property name="sun.cpu.endian" value="little"/>
    <property name="user.home" value="/Users/sadubois"/>
    <property name="user.language" value="en"/>
    <property name="java.specification.vendor" value="Oracle Corporation"/>
    <property name="java.home" value="/Users/sadubois/.sdkman/candidates/java/8.0.242.j9-adpt/jre"/>
    <property name="ibm.signalhandling.rs" value="false"/>
    <property name="jdk.extensions.name" value="Extensions for OpenJDK for Eclipse OpenJ9"/>
    <property name="basedir" value="/Users/sadubois/workspace/pcf-workshop/pcf-scheduler-demo/spring-scheduled"/>
    <property name="file.separator" value="/"/>
    <property name="line.separator" value="&#10;"/>
    <property name="java.vm.specification.vendor" value="Oracle Corporation"/>
    <property name="java.specification.name" value="Java Platform API Specification"/>
    <property name="java.compiler" value="j9jit29"/>
    <property name="com.ibm.util.extralibs.properties" value=""/>
    <property name="java.awt.graphicsenv" value="sun.awt.CGraphicsEnvironment"/>
    <property name="com.ibm.oti.configuration" value="scar"/>
    <property name="surefire.real.class.path" value="/Users/sadubois/workspace/pcf-workshop/pcf-scheduler-demo/spring-scheduled/target/surefire/surefirebooter5694861365960305842.jar"/>
    <property name="com.ibm.oti.shared.enabled" value="false"/>
    <property name="com.ibm.oti.vm.bootstrap.library.path" value="/Users/sadubois/.sdkman/candidates/java/8.0.242.j9-adpt/jre/lib/compressedrefs:/Users/sadubois/.sdkman/candidates/java/8.0.242.j9-adpt/jre/lib"/>
    <property name="sun.boot.class.path" value="/Users/sadubois/.sdkman/candidates/java/8.0.242.j9-adpt/jre/lib/compressedrefs/jclSC180/vm.jar:/Users/sadubois/.sdkman/candidates/java/8.0.242.j9-adpt/jre/lib/se-service.jar:/Users/sadubois/.sdkman/candidates/java/8.0.242.j9-adpt/jre/lib/rt.jar:/Users/sadubois/.sdkman/candidates/java/8.0.242.j9-adpt/jre/lib/resources.jar:/Users/sadubois/.sdkman/candidates/java/8.0.242.j9-adpt/jre/lib/jsse.jar:/Users/sadubois/.sdkman/candidates/java/8.0.242.j9-adpt/jre/lib/charsets.jar:/Users/sadubois/.sdkman/candidates/java/8.0.242.j9-adpt/jre/lib/jce.jar"/>
    <property name="com.ibm.cpu.endian" value="little"/>
    <property name="java.fullversion" value="1.8.0_242-b08&#10;JRE 1.8.0 Mac OS X amd64-64-Bit Compressed References 20200122_439 (JIT enabled, AOT enabled)&#10;OpenJ9   - 51a5857d2&#10;OMR      - 7a1b0239a&#10;JCL      - 8cf8a30581 based on jdk8u242-b08"/>
    <property name="java.runtime.version" value="1.8.0_242-b08"/>
    <property name="user.name" value="sadubois"/>
    <property name="path.separator" value=":"/>
    <property name="os.version" value="10.15.4"/>
    <property name="java.endorsed.dirs" value="/Users/sadubois/.sdkman/candidates/java/8.0.242.j9-adpt/jre/lib/endorsed"/>
    <property name="java.runtime.name" value="OpenJDK Runtime Environment"/>
    <property name="ibm.signalhandling.sigint" value="true"/>
    <property name="file.encoding" value="UTF-8"/>
    <property name="java.vm.name" value="Eclipse OpenJ9 VM"/>
    <property name="ibm.signalhandling.sigchain" value="true"/>
    <property name="localRepository" value="/Users/sadubois/.m2/repository"/>
    <property name="java.io.tmpdir" value="/var/folders/4v/n7dwvyc13t75zp9sgqktf6km0000gq/T/"/>
    <property name="java.version" value="1.8.0_242"/>
    <property name="user.dir" value="/Users/sadubois/workspace/pcf-workshop/pcf-scheduler-demo/spring-scheduled"/>
    <property name="com.ibm.system.agent.path" value="/Users/sadubois/.sdkman/candidates/java/8.0.242.j9-adpt/jre/lib"/>
    <property name="os.arch" value="x86_64"/>
    <property name="java.vm.specification.name" value="Java Virtual Machine Specification"/>
    <property name="java.awt.printerjob" value="sun.lwawt.macosx.CPrinterJob"/>
    <property name="os.encoding" value="UTF-8"/>
    <property name="java.library.path" value="/Users/sadubois/.sdkman/candidates/java/8.0.242.j9-adpt/jre/lib/compressedrefs:/Users/sadubois/.sdkman/candidates/java/8.0.242.j9-adpt/jre/lib:/usr/lib"/>
    <property name="java.vm.info" value="JRE 1.8.0 Mac OS X amd64-64-Bit Compressed References 20200122_439 (JIT enabled, AOT enabled)&#10;OpenJ9   - 51a5857d2&#10;OMR      - 7a1b0239a&#10;JCL      - 8cf8a30581 based on jdk8u242-b08"/>
    <property name="java.vendor" value="Eclipse OpenJ9"/>
    <property name="java.vm.version" value="openj9-0.18.1"/>
    <property name="ibm.system.encoding" value="UTF-8"/>
    <property name="com.ibm.jcl.checkClassPath" value=""/>
    <property name="java.ext.dirs" value="/Users/sadubois/.sdkman/candidates/java/8.0.242.j9-adpt/jre/lib/ext"/>
    <property name="sun.io.unicode.encoding" value="UnicodeLittle"/>
    <property name="java.class.version" value="52.0"/>
  </properties>
  <testcase name="contextLoads" classname="ninja.spring.springscheduled.SpringScheduledApplicationTests" time="0.052"/>
</testsuite>